<?xml version="1.0" encoding="UTF-8"?>
<!-- Generated by org.testng.reporters.JUnitXMLReporter -->
<testsuite ignored="5" hostname="DESKTOP-8L388PB" failures="0" tests="2" name="Default test" time="16.87" errors="0" timestamp="2021-09-12T02:17:14 EDT">
  <testcase classname="hw10Q2selenium.HW_10_selenium_C_click_method_by_different_locater" name="planTravelButtonFieldTest" time="3.126"/>
  <testcase classname="hw10Q2selenium.HW_10_selenium_C_click_method_by_different_locater" name="departDateFieldTest" time="3.176"/>
  <testcase classname="hw10Q2selenium.HW_10_selenium_C_click_method_by_different_locater" name="loginButtonBelowFieldTest" time="0.0">
    <ignored/>
  </testcase> <!-- loginButtonBelowFieldTest -->
  <testcase classname="hw10Q2selenium.HW_10_selenium_C_click_method_by_different_locater" name="joinButtonFieldTest" time="0.0">
    <ignored/>
  </testcase> <!-- joinButtonFieldTest -->
  <testcase classname="hw10Q2selenium.HW_10_selenium_C_click_method_by_different_locater" name="searchFieldTest" time="0.0">
    <ignored/>
  </testcase> <!-- searchFieldTest -->
  <testcase classname="hw10Q2selenium.HW_10_selenium_C_click_method_by_different_locater" name="preparedForTheAirFieldTest" time="0.0">
    <ignored/>
  </testcase> <!-- preparedForTheAirFieldTest -->
  <testcase classname="hw10Q2selenium.HW_10_selenium_C_click_method_by_different_locater" name="travelWithConfidenceFieldTest" time="0.0">
    <ignored/>
  </testcase> <!-- travelWithConfidenceFieldTest -->
</testsuite> <!-- Default test -->
