<?xml version="1.0" encoding="UTF-8"?>
<testng-results ignored="0" total="1" passed="1" failed="0" skipped="0">
  <reporter-output>
  </reporter-output>
  <suite started-at="2021-09-13T00:32:19 EDT" name="Default suite" finished-at="2021-09-13T00:32:34 EDT" duration-ms="15554">
    <groups>
    </groups>
    <test started-at="2021-09-13T00:32:19 EDT" name="Default test" finished-at="2021-09-13T00:32:34 EDT" duration-ms="15554">
      <class name="hw10Q2selenium.HW_10_selenium_D_sendkey_method_using_xpath">
        <test-method is-config="true" signature="setUp()[pri:0, instance:hw10Q2selenium.HW_10_selenium_D_sendkey_method_using_xpath@2f8dad04]" started-at="2021-09-13T00:32:19 EDT" name="setUp" finished-at="2021-09-13T00:32:29 EDT" duration-ms="10045" status="PASS">
          <reporter-output>
          </reporter-output>
        </test-method> <!-- setUp -->
        <test-method signature="employeeIdTest()[pri:0, instance:hw10Q2selenium.HW_10_selenium_D_sendkey_method_using_xpath@2f8dad04]" started-at="2021-09-13T00:32:29 EDT" name="employeeIdTest" finished-at="2021-09-13T00:32:34 EDT" duration-ms="5121" status="PASS">
          <reporter-output>
          </reporter-output>
        </test-method> <!-- employeeIdTest -->
        <test-method is-config="true" signature="tearUp()[pri:0, instance:hw10Q2selenium.HW_10_selenium_D_sendkey_method_using_xpath@2f8dad04]" started-at="2021-09-13T00:32:34 EDT" name="tearUp" finished-at="2021-09-13T00:32:34 EDT" duration-ms="350" status="PASS">
          <reporter-output>
          </reporter-output>
        </test-method> <!-- tearUp -->
      </class> <!-- hw10Q2selenium.HW_10_selenium_D_sendkey_method_using_xpath -->
    </test> <!-- Default test -->
  </suite> <!-- Default suite -->
</testng-results>
