<?xml version="1.0" encoding="UTF-8"?>
<testng-results ignored="0" total="5" passed="5" failed="0" skipped="0">
  <reporter-output>
  </reporter-output>
  <suite started-at="2021-09-16T19:38:57 EDT" name="Default suite" finished-at="2021-09-16T19:39:25 EDT" duration-ms="28516">
    <groups>
    </groups>
    <test started-at="2021-09-16T19:38:57 EDT" name="Default test" finished-at="2021-09-16T19:39:25 EDT" duration-ms="28516">
      <class name="hw11Q2selenium.HW_11_use_of_Maximize_Driver">
        <test-method is-config="true" signature="setUp()[pri:0, instance:hw11Q2selenium.HW_11_use_of_Maximize_Driver@4944252c]" started-at="2021-09-16T19:38:57 EDT" name="setUp" finished-at="2021-09-16T19:39:04 EDT" duration-ms="7703" status="PASS">
          <reporter-output>
          </reporter-output>
        </test-method> <!-- setUp -->
        <test-method signature="maximizeWindow()[pri:1, instance:hw11Q2selenium.HW_11_use_of_Maximize_Driver@4944252c]" started-at="2021-09-16T19:39:04 EDT" name="maximizeWindow" finished-at="2021-09-16T19:39:06 EDT" duration-ms="1429" status="PASS">
          <reporter-output>
          </reporter-output>
        </test-method> <!-- maximizeWindow -->
        <test-method signature="fullScreenWindow()[pri:2, instance:hw11Q2selenium.HW_11_use_of_Maximize_Driver@4944252c]" started-at="2021-09-16T19:39:06 EDT" name="fullScreenWindow" finished-at="2021-09-16T19:39:11 EDT" duration-ms="5048" status="PASS">
          <reporter-output>
          </reporter-output>
        </test-method> <!-- fullScreenWindow -->
        <test-method signature="sizeOfWindow()[pri:3, instance:hw11Q2selenium.HW_11_use_of_Maximize_Driver@4944252c]" started-at="2021-09-16T19:39:11 EDT" name="sizeOfWindow" finished-at="2021-09-16T19:39:17 EDT" duration-ms="5932" status="PASS">
          <reporter-output>
          </reporter-output>
        </test-method> <!-- sizeOfWindow -->
        <test-method signature="deleteCookies()[pri:4, instance:hw11Q2selenium.HW_11_use_of_Maximize_Driver@4944252c]" started-at="2021-09-16T19:39:17 EDT" name="deleteCookies" finished-at="2021-09-16T19:39:23 EDT" duration-ms="6367" status="PASS">
          <reporter-output>
          </reporter-output>
        </test-method> <!-- deleteCookies -->
        <test-method signature="setAspecificSizeWindow()[pri:5, instance:hw11Q2selenium.HW_11_use_of_Maximize_Driver@4944252c]" started-at="2021-09-16T19:39:23 EDT" name="setAspecificSizeWindow" finished-at="2021-09-16T19:39:25 EDT" duration-ms="1733" status="PASS">
          <reporter-output>
          </reporter-output>
        </test-method> <!-- setAspecificSizeWindow -->
        <test-method is-config="true" signature="tearUp()[pri:0, instance:hw11Q2selenium.HW_11_use_of_Maximize_Driver@4944252c]" started-at="2021-09-16T19:39:25 EDT" name="tearUp" finished-at="2021-09-16T19:39:25 EDT" duration-ms="248" status="PASS">
          <reporter-output>
          </reporter-output>
        </test-method> <!-- tearUp -->
      </class> <!-- hw11Q2selenium.HW_11_use_of_Maximize_Driver -->
    </test> <!-- Default test -->
  </suite> <!-- Default suite -->
</testng-results>
